<?xml version="1.0" encoding="UTF-8"?>
<testsuite name="exercises.exercise4.AddTaskTest" tests="1" skipped="0" failures="0" errors="0" timestamp="2023-10-18T23:02:55" hostname="LAPTOP-V6TDORT5" time="27.359">
  <properties/>
  <testcase name="addTask()" classname="exercises.exercise4.AddTaskTest" time="27.359"/>
  <system-out><![CDATA[]]></system-out>
  <system-err><![CDATA[]]></system-err>
</testsuite>
